0 info it worked if it ends with ok
1 verbose cli [ '/usr/local/bin/node',
1 verbose cli   '/usr/local/bin/npm',
1 verbose cli   'install',
1 verbose cli   'pty.js',
1 verbose cli   '--save' ]
2 info using npm@3.9.2
3 info using node@v6.2.0
4 silly loadCurrentTree Starting
5 silly install loadCurrentTree
6 silly install readLocalPackageData
7 silly fetchPackageMetaData pty.js
8 silly fetchNamedPackageData pty.js
9 silly mapToRegistry name pty.js
10 silly mapToRegistry using default registry
11 silly mapToRegistry registry https://registry.npmjs.org/
12 silly mapToRegistry data Result {
12 silly mapToRegistry   raw: 'pty.js',
12 silly mapToRegistry   scope: null,
12 silly mapToRegistry   name: 'pty.js',
12 silly mapToRegistry   rawSpec: '',
12 silly mapToRegistry   spec: 'latest',
12 silly mapToRegistry   type: 'tag' }
13 silly mapToRegistry uri https://registry.npmjs.org/pty.js
14 verbose request uri https://registry.npmjs.org/pty.js
15 verbose request no auth needed
16 info attempt registry request try #1 at 4:36:32 PM
17 verbose request using bearer token for auth
18 verbose request id 35f47b74d397a6fb
19 verbose etag "EM1ELW3W80I7TQAIZ5CS9MHG2"
20 http request GET https://registry.npmjs.org/pty.js
21 http 304 https://registry.npmjs.org/pty.js
22 verbose headers { 'cache-control': 'max-age=300',
22 verbose headers   'accept-ranges': 'bytes',
22 verbose headers   date: 'Thu, 26 May 2016 13:36:32 GMT',
22 verbose headers   via: '1.1 varnish',
22 verbose headers   connection: 'keep-alive',
22 verbose headers   'x-served-by': 'cache-fra1239-FRA',
22 verbose headers   'x-cache': 'MISS',
22 verbose headers   'x-cache-hits': '0',
22 verbose headers   'x-timer': 'S1464269792.495186,VS0,VE188',
22 verbose headers   vary: 'Accept-Encoding' }
23 silly get cb [ 304,
23 silly get   { 'cache-control': 'max-age=300',
23 silly get     'accept-ranges': 'bytes',
23 silly get     date: 'Thu, 26 May 2016 13:36:32 GMT',
23 silly get     via: '1.1 varnish',
23 silly get     connection: 'keep-alive',
23 silly get     'x-served-by': 'cache-fra1239-FRA',
23 silly get     'x-cache': 'MISS',
23 silly get     'x-cache-hits': '0',
23 silly get     'x-timer': 'S1464269792.495186,VS0,VE188',
23 silly get     vary: 'Accept-Encoding' } ]
24 verbose etag https://registry.npmjs.org/pty.js from cache
25 verbose get saving pty.js to /home/ross/.npm/registry.npmjs.org/pty.js/.cache.json
26 verbose correctMkdir /home/ross/.npm correctMkdir not in flight; initializing
27 silly install normalizeTree
28 silly loadCurrentTree Finishing
29 silly loadIdealTree Starting
30 silly install loadIdealTree
31 silly cloneCurrentTree Starting
32 silly install cloneCurrentTreeToIdealTree
33 silly cloneCurrentTree Finishing
34 silly loadShrinkwrap Starting
35 silly install loadShrinkwrap
36 silly loadShrinkwrap Finishing
37 silly loadAllDepsIntoIdealTree Starting
38 silly install loadAllDepsIntoIdealTree
39 silly resolveWithNewModule pty.js@0.3.0 checking installable status
40 silly cache add args [ 'pty.js', null ]
41 verbose cache add spec pty.js
42 silly cache add parsed spec Result {
42 silly cache add   raw: 'pty.js',
42 silly cache add   scope: null,
42 silly cache add   name: 'pty.js',
42 silly cache add   rawSpec: '',
42 silly cache add   spec: 'latest',
42 silly cache add   type: 'tag' }
43 silly addNamed pty.js@latest
44 verbose addNamed "latest" is being treated as a dist-tag for pty.js
45 info addNameTag [ 'pty.js', 'latest' ]
46 silly mapToRegistry name pty.js
47 silly mapToRegistry using default registry
48 silly mapToRegistry registry https://registry.npmjs.org/
49 silly mapToRegistry data Result {
49 silly mapToRegistry   raw: 'pty.js',
49 silly mapToRegistry   scope: null,
49 silly mapToRegistry   name: 'pty.js',
49 silly mapToRegistry   rawSpec: '',
49 silly mapToRegistry   spec: 'latest',
49 silly mapToRegistry   type: 'tag' }
50 silly mapToRegistry uri https://registry.npmjs.org/pty.js
51 verbose addNameTag registry:https://registry.npmjs.org/pty.js not in flight; fetching
52 verbose get https://registry.npmjs.org/pty.js not expired, no request
53 silly addNameTag next cb for pty.js with tag latest
54 silly addNamed pty.js@0.3.0
55 verbose addNamed "0.3.0" is a plain semver version for pty.js
56 silly cache afterAdd pty.js@0.3.0
57 verbose afterAdd /home/ross/.npm/pty.js/0.3.0/package/package.json not in flight; writing
58 verbose correctMkdir /home/ross/.npm correctMkdir not in flight; initializing
59 verbose afterAdd /home/ross/.npm/pty.js/0.3.0/package/package.json written
60 silly loadAllDepsIntoIdealTree Finishing
61 silly idealTree:prePrune pean-skeleton@0.0.0
61 silly idealTree:prePrune ├── abbrev@1.0.7
61 silly idealTree:prePrune ├── accepts@1.2.13
61 silly idealTree:prePrune ├── acorn-globals@1.0.9
61 silly idealTree:prePrune ├── acorn@2.7.0
61 silly idealTree:prePrune ├── addressparser@0.3.2
61 silly idealTree:prePrune ├── adm-zip@0.4.4
61 silly idealTree:prePrune ├── after@0.8.1
61 silly idealTree:prePrune ├── align-text@0.1.3
61 silly idealTree:prePrune ├── amdefine@1.0.0
61 silly idealTree:prePrune ├── ap@0.2.0
61 silly idealTree:prePrune ├── array-flatten@1.1.1
61 silly idealTree:prePrune ├── arraybuffer.slice@0.0.6
61 silly idealTree:prePrune ├── asap@1.0.0
61 silly idealTree:prePrune ├── asn1.js@2.2.1
61 silly idealTree:prePrune ├── asn1@0.1.11
61 silly idealTree:prePrune ├── assert-plus@0.1.5
61 silly idealTree:prePrune ├── async@0.9.2
61 silly idealTree:prePrune ├── aws-sign2@0.5.0
61 silly idealTree:prePrune ├── backo2@1.0.2
61 silly idealTree:prePrune ├── bagpipe@0.3.5
61 silly idealTree:prePrune ├── balanced-match@0.3.0
61 silly idealTree:prePrune ├── base64-arraybuffer@0.1.2
61 silly idealTree:prePrune ├── base64-url@1.2.1
61 silly idealTree:prePrune ├── base64id@0.1.0
61 silly idealTree:prePrune ├── base64url@1.0.5
61 silly idealTree:prePrune ├── basic-auth@1.0.3
61 silly idealTree:prePrune ├── batch@0.5.3
61 silly idealTree:prePrune ├── bcrypt@0.8.5
61 silly idealTree:prePrune ├── benchmark@1.0.0
61 silly idealTree:prePrune ├── better-assert@1.0.2
61 silly idealTree:prePrune ├── bindings@1.2.1
61 silly idealTree:prePrune ├── bl@0.9.4
61 silly idealTree:prePrune ├── blob@0.0.4
61 silly idealTree:prePrune ├── bluebird@3.1.5
61 silly idealTree:prePrune ├── bn.js@2.2.0
61 silly idealTree:prePrune ├── body-parser@1.14.2
61 silly idealTree:prePrune ├── boolbase@1.0.0
61 silly idealTree:prePrune ├── boom@2.10.1
61 silly idealTree:prePrune ├── brace-expansion@1.1.3
61 silly idealTree:prePrune ├── buffer-equal-constant-time@1.0.1
61 silly idealTree:prePrune ├── buffer-writer@1.0.1
61 silly idealTree:prePrune ├── bufferjs@1.1.0
61 silly idealTree:prePrune ├── bufferutil@1.2.1
61 silly idealTree:prePrune ├── bytes@2.2.0
61 silly idealTree:prePrune ├── caller-id@0.1.0
61 silly idealTree:prePrune ├── callsite@1.0.0
61 silly idealTree:prePrune ├── camelcase-keys@1.0.0
61 silly idealTree:prePrune ├── camelcase@1.2.1
61 silly idealTree:prePrune ├── caseless@0.9.0
61 silly idealTree:prePrune ├── center-align@0.1.2
61 silly idealTree:prePrune ├── character-parser@1.2.1
61 silly idealTree:prePrune ├─┬ cheerio@0.19.0
61 silly idealTree:prePrune │ └── lodash@3.10.1
61 silly idealTree:prePrune ├─┬ cldr-data-downloader@0.2.3
61 silly idealTree:prePrune │ └── q@1.0.1
61 silly idealTree:prePrune ├── cldr-data@28.0.3
61 silly idealTree:prePrune ├── cldrjs@0.4.4
61 silly idealTree:prePrune ├─┬ clean-css@3.4.9
61 silly idealTree:prePrune │ └── commander@2.8.1
61 silly idealTree:prePrune ├── cli-color@0.3.3
61 silly idealTree:prePrune ├─┬ cliui@2.1.0
61 silly idealTree:prePrune │ └── wordwrap@0.0.2
61 silly idealTree:prePrune ├── clone@1.0.2
61 silly idealTree:prePrune ├── coffee-script@1.10.0
61 silly idealTree:prePrune ├── colors@1.0.3
61 silly idealTree:prePrune ├── combined-stream@0.0.7
61 silly idealTree:prePrune ├── commander@2.6.0
61 silly idealTree:prePrune ├── component-bind@1.0.0
61 silly idealTree:prePrune ├── component-emitter@1.1.2
61 silly idealTree:prePrune ├── component-inherit@0.0.3
61 silly idealTree:prePrune ├── concat-map@0.0.1
61 silly idealTree:prePrune ├─┬ concat-stream@1.4.10
61 silly idealTree:prePrune │ └── readable-stream@1.1.13
61 silly idealTree:prePrune ├── config-chain@1.1.9
61 silly idealTree:prePrune ├── consolidate@0.14.0
61 silly idealTree:prePrune ├── constantinople@3.0.2
61 silly idealTree:prePrune ├── content-disposition@0.5.1
61 silly idealTree:prePrune ├── content-type@1.0.1
61 silly idealTree:prePrune ├── cookie-parser@1.4.1
61 silly idealTree:prePrune ├── cookie-signature@1.0.6
61 silly idealTree:prePrune ├── cookie@0.2.3
61 silly idealTree:prePrune ├── cookiejar@2.0.1
61 silly idealTree:prePrune ├── core-util-is@1.0.2
61 silly idealTree:prePrune ├── crc@3.3.0
61 silly idealTree:prePrune ├── cryptiles@2.0.5
61 silly idealTree:prePrune ├── css-parse@1.0.4
61 silly idealTree:prePrune ├── css-select@1.0.0
61 silly idealTree:prePrune ├── css-stringify@1.0.5
61 silly idealTree:prePrune ├── css-what@1.0.0
61 silly idealTree:prePrune ├── css@1.0.8
61 silly idealTree:prePrune ├── cssom@0.3.0
61 silly idealTree:prePrune ├── ctype@0.5.3
61 silly idealTree:prePrune ├── d@0.1.1
61 silly idealTree:prePrune ├── datauri@0.2.1
61 silly idealTree:prePrune ├── dateformat@1.0.11
61 silly idealTree:prePrune ├── debug@2.2.0
61 silly idealTree:prePrune ├── decamelize@1.1.2
61 silly idealTree:prePrune ├── deep-extend@0.4.1
61 silly idealTree:prePrune ├── delayed-stream@0.0.5
61 silly idealTree:prePrune ├── depd@1.1.0
61 silly idealTree:prePrune ├── destroy@1.0.4
61 silly idealTree:prePrune ├─┬ dom-serializer@0.1.0
61 silly idealTree:prePrune │ └── domelementtype@1.1.3
61 silly idealTree:prePrune ├── domelementtype@1.3.0
61 silly idealTree:prePrune ├── domhandler@2.3.0
61 silly idealTree:prePrune ├── domutils@1.4.3
61 silly idealTree:prePrune ├── dotenv@1.2.0
61 silly idealTree:prePrune ├── double-ended-queue@2.1.0-0
61 silly idealTree:prePrune ├─┬ dynamic-table@1.0.0
61 silly idealTree:prePrune │ └── moment-timezone@0.5.0
61 silly idealTree:prePrune ├── ecdsa-sig-formatter@1.0.2
61 silly idealTree:prePrune ├── ee-first@1.1.1
61 silly idealTree:prePrune ├─┬ emailjs@1.0.4
61 silly idealTree:prePrune │ └── moment@2.11.2
61 silly idealTree:prePrune ├── encoding@0.1.12
61 silly idealTree:prePrune ├─┬ engine.io-client@1.5.4
61 silly idealTree:prePrune │ ├── debug@1.0.4
61 silly idealTree:prePrune │ ├── ms@0.6.2
61 silly idealTree:prePrune │ └── parseuri@0.0.4
61 silly idealTree:prePrune ├── engine.io-parser@1.2.2
61 silly idealTree:prePrune ├─┬ engine.io@1.5.4
61 silly idealTree:prePrune │ ├── debug@1.0.3
61 silly idealTree:prePrune │ └── ms@0.6.2
61 silly idealTree:prePrune ├── entities@1.1.1
61 silly idealTree:prePrune ├── es5-ext@0.10.11
61 silly idealTree:prePrune ├── es6-iterator@2.0.0
61 silly idealTree:prePrune ├── es6-symbol@3.0.2
61 silly idealTree:prePrune ├─┬ es6-weak-map@0.1.4
61 silly idealTree:prePrune │ ├── es6-iterator@0.1.3
61 silly idealTree:prePrune │ └── es6-symbol@2.0.1
61 silly idealTree:prePrune ├── escape-html@1.0.3
61 silly idealTree:prePrune ├── escape-string-regexp@1.0.4
61 silly idealTree:prePrune ├── etag@1.7.0
61 silly idealTree:prePrune ├── event-emitter@0.3.4
61 silly idealTree:prePrune ├── express-session@1.12.1
61 silly idealTree:prePrune ├─┬ express@4.13.4
61 silly idealTree:prePrune │ ├── cookie@0.1.5
61 silly idealTree:prePrune │ ├── merge-descriptors@1.0.1
61 silly idealTree:prePrune │ ├── methods@1.1.2
61 silly idealTree:prePrune │ ├── parseurl@1.3.1
61 silly idealTree:prePrune │ └── qs@4.0.0
61 silly idealTree:prePrune ├── extend@1.2.1
61 silly idealTree:prePrune ├─┬ fileset@0.1.8
61 silly idealTree:prePrune │ ├─┬ glob@3.2.11
61 silly idealTree:prePrune │ │ └── minimatch@0.3.0
61 silly idealTree:prePrune │ └── minimatch@0.4.0
61 silly idealTree:prePrune ├── fill-keys@1.0.2
61 silly idealTree:prePrune ├── finalhandler@0.4.1
61 silly idealTree:prePrune ├── forever-agent@0.5.2
61 silly idealTree:prePrune ├─┬ form-data@0.2.0
61 silly idealTree:prePrune │ ├── mime-db@1.12.0
61 silly idealTree:prePrune │ └── mime-types@2.0.14
61 silly idealTree:prePrune ├── formidable@1.0.14
61 silly idealTree:prePrune ├── forwarded@0.1.0
61 silly idealTree:prePrune ├── fresh@0.3.0
61 silly idealTree:prePrune ├── fs-ext@0.5.0
61 silly idealTree:prePrune ├── fs-extra@0.26.4
61 silly idealTree:prePrune ├─┬ gaze@0.3.4
61 silly idealTree:prePrune │ └── minimatch@0.2.14
61 silly idealTree:prePrune ├── generic-pool@2.1.1
61 silly idealTree:prePrune ├── get-stdin@4.0.1
61 silly idealTree:prePrune ├── glob@5.0.15
61 silly idealTree:prePrune ├── global@2.0.1
61 silly idealTree:prePrune ├── globalize@1.1.1
61 silly idealTree:prePrune ├── graceful-fs@4.1.2
61 silly idealTree:prePrune ├── graceful-readlink@1.0.1
61 silly idealTree:prePrune ├── growl@1.7.0
61 silly idealTree:prePrune ├── has-binary-data@0.1.3
61 silly idealTree:prePrune ├── has-binary@0.1.6
61 silly idealTree:prePrune ├── has-cors@1.0.3
61 silly idealTree:prePrune ├── hawk@2.3.1
61 silly idealTree:prePrune ├── hoek@2.16.3
61 silly idealTree:prePrune ├─┬ htmlparser2@3.8.3
61 silly idealTree:prePrune │ ├── domutils@1.5.1
61 silly idealTree:prePrune │ ├── entities@1.0.0
61 silly idealTree:prePrune │ └── readable-stream@1.1.13
61 silly idealTree:prePrune ├── http-errors@1.3.1
61 silly idealTree:prePrune ├── http-signature@0.10.1
61 silly idealTree:prePrune ├── iconv-lite@0.4.13
61 silly idealTree:prePrune ├── indent-string@1.2.2
61 silly idealTree:prePrune ├── indexof@0.0.1
61 silly idealTree:prePrune ├── inflight@1.0.4
61 silly idealTree:prePrune ├── inherits@2.0.1
61 silly idealTree:prePrune ├── ini@1.3.4
61 silly idealTree:prePrune ├── ipaddr.js@1.0.5
61 silly idealTree:prePrune ├── is-buffer@1.1.1
61 silly idealTree:prePrune ├── is-finite@1.0.1
61 silly idealTree:prePrune ├── is-object@1.0.1
61 silly idealTree:prePrune ├── is-promise@2.1.0
61 silly idealTree:prePrune ├── isarray@0.0.1
61 silly idealTree:prePrune ├── isstream@0.1.2
61 silly idealTree:prePrune ├── jade@1.11.0
61 silly idealTree:prePrune ├── jasmine-growl-reporter@0.0.3
61 silly idealTree:prePrune ├─┬ jasmine-node@1.14.5
61 silly idealTree:prePrune │ └── mkdirp@0.3.5
61 silly idealTree:prePrune ├─┬ jasmine-reporters@1.0.2
61 silly idealTree:prePrune │ └── mkdirp@0.3.5
61 silly idealTree:prePrune ├── json-stringify-safe@5.0.1
61 silly idealTree:prePrune ├── json3@3.2.6
61 silly idealTree:prePrune ├── jsonfile@2.2.3
61 silly idealTree:prePrune ├── jsonwebtoken@5.4.1
61 silly idealTree:prePrune ├── jstransformer@0.0.2
61 silly idealTree:prePrune ├─┬ juice@1.9.0
61 silly idealTree:prePrune │ └── commander@2.9.0
61 silly idealTree:prePrune ├─┬ jwa@1.1.1
61 silly idealTree:prePrune │ └── base64url@0.0.6
61 silly idealTree:prePrune ├── jws@3.1.0
61 silly idealTree:prePrune ├── kind-of@2.0.1
61 silly idealTree:prePrune ├── klaw@1.1.3
61 silly idealTree:prePrune ├── lazy-cache@0.2.7
61 silly idealTree:prePrune ├── lodash@4.1.0
61 silly idealTree:prePrune ├── longest@1.0.1
61 silly idealTree:prePrune ├── lru-cache@2.7.3
61 silly idealTree:prePrune ├── lru-queue@0.1.0
61 silly idealTree:prePrune ├── map-obj@1.0.1
61 silly idealTree:prePrune ├── media-typer@0.3.0
61 silly idealTree:prePrune ├── memoizee@0.3.9
61 silly idealTree:prePrune ├── meow@2.0.0
61 silly idealTree:prePrune ├── merge-descriptors@1.0.0
61 silly idealTree:prePrune ├── merge@1.2.0
61 silly idealTree:prePrune ├── methods@1.1.1
61 silly idealTree:prePrune ├── mime-db@1.21.0
61 silly idealTree:prePrune ├── mime-types@2.1.9
61 silly idealTree:prePrune ├── mime@1.3.4
61 silly idealTree:prePrune ├─┬ mimelib@0.2.14
61 silly idealTree:prePrune │ └── addressparser@0.2.1
61 silly idealTree:prePrune ├── mimer@0.2.1
61 silly idealTree:prePrune ├── minimalistic-assert@1.0.0
61 silly idealTree:prePrune ├── minimatch@3.0.0
61 silly idealTree:prePrune ├── minimist@1.2.0
61 silly idealTree:prePrune ├─┬ mkdirp@0.5.0
61 silly idealTree:prePrune │ └── minimist@0.0.8
61 silly idealTree:prePrune ├── module-not-found-error@1.0.1
61 silly idealTree:prePrune ├── moment-timezone@0.4.1
61 silly idealTree:prePrune ├── moment@2.11.1
61 silly idealTree:prePrune ├─┬ morgan@1.6.1
61 silly idealTree:prePrune │ └── depd@1.0.1
61 silly idealTree:prePrune ├── ms@0.7.1
61 silly idealTree:prePrune ├── nan@2.0.5
61 silly idealTree:prePrune ├── negotiator@0.5.3
61 silly idealTree:prePrune ├── next-tick@0.2.2
61 silly idealTree:prePrune ├── node-service-locator@0.0.2
61 silly idealTree:prePrune ├── node-uuid@1.4.7
61 silly idealTree:prePrune ├── nopt@3.0.6
61 silly idealTree:prePrune ├── npmconf@2.0.9
61 silly idealTree:prePrune ├── nth-check@1.0.1
61 silly idealTree:prePrune ├── number-is-nan@1.0.0
61 silly idealTree:prePrune ├── oauth-sign@0.6.0
61 silly idealTree:prePrune ├── object-assign@1.0.0
61 silly idealTree:prePrune ├── object-component@0.0.3
61 silly idealTree:prePrune ├── object-keys@1.0.1
61 silly idealTree:prePrune ├── on-finished@2.3.0
61 silly idealTree:prePrune ├── on-headers@1.0.1
61 silly idealTree:prePrune ├── once@1.3.3
61 silly idealTree:prePrune ├── optimist@0.3.7
61 silly idealTree:prePrune ├── options@0.0.6
61 silly idealTree:prePrune ├── os-homedir@1.0.1
61 silly idealTree:prePrune ├── os-tmpdir@1.0.1
61 silly idealTree:prePrune ├── osenv@0.1.3
61 silly idealTree:prePrune ├── packet-reader@0.2.0
61 silly idealTree:prePrune ├── parsejson@0.0.1
61 silly idealTree:prePrune ├── parseqs@0.0.2
61 silly idealTree:prePrune ├── parseuri@0.0.2
61 silly idealTree:prePrune ├── parseurl@1.3.0
61 silly idealTree:prePrune ├── path-is-absolute@1.0.0
61 silly idealTree:prePrune ├── path-to-regexp@0.1.7
61 silly idealTree:prePrune ├── pg-connection-string@0.1.3
61 silly idealTree:prePrune ├── pg-types@1.10.0
61 silly idealTree:prePrune ├── pg@4.4.6
61 silly idealTree:prePrune ├── pgpass@0.0.3
61 silly idealTree:prePrune ├── postgres-array@1.0.0
61 silly idealTree:prePrune ├── postgres-bytea@1.0.0
61 silly idealTree:prePrune ├── postgres-date@1.0.1
61 silly idealTree:prePrune ├── postgres-interval@1.0.1
61 silly idealTree:prePrune ├── progress@1.1.8
61 silly idealTree:prePrune ├── promise@6.1.0
61 silly idealTree:prePrune ├── proto-list@1.2.4
61 silly idealTree:prePrune ├── proxy-addr@1.0.10
61 silly idealTree:prePrune ├── pty.js@0.3.0
61 silly idealTree:prePrune ├── q@1.4.1
61 silly idealTree:prePrune ├── qs@5.2.0
61 silly idealTree:prePrune ├── range-parser@1.0.3
61 silly idealTree:prePrune ├── raw-body@2.1.5
61 silly idealTree:prePrune ├── readable-stream@1.0.33
61 silly idealTree:prePrune ├── readline@1.2.1
61 silly idealTree:prePrune ├── redis-commands@1.0.2
61 silly idealTree:prePrune ├── redis@2.4.2
61 silly idealTree:prePrune ├── reduce-component@1.0.1
61 silly idealTree:prePrune ├── repeat-string@1.5.2
61 silly idealTree:prePrune ├── repeating@1.1.3
61 silly idealTree:prePrune ├── request-progress@0.3.1
61 silly idealTree:prePrune ├─┬ request@2.53.0
61 silly idealTree:prePrune │ ├── mime-db@1.12.0
61 silly idealTree:prePrune │ ├── mime-types@2.0.14
61 silly idealTree:prePrune │ └── qs@2.3.3
61 silly idealTree:prePrune ├── requirejs@2.1.22
61 silly idealTree:prePrune ├── retry@0.8.0
61 silly idealTree:prePrune ├── right-align@0.1.3
61 silly idealTree:prePrune ├─┬ rimraf@2.5.2
61 silly idealTree:prePrune │ └── glob@7.0.3
61 silly idealTree:prePrune ├── semver@4.3.6
61 silly idealTree:prePrune ├── send@0.13.1
61 silly idealTree:prePrune ├── serve-favicon@2.3.0
61 silly idealTree:prePrune ├─┬ serve-static@1.10.2
61 silly idealTree:prePrune │ └── parseurl@1.3.1
61 silly idealTree:prePrune ├── session-file-store@0.0.24
61 silly idealTree:prePrune ├── sigmund@1.0.1
61 silly idealTree:prePrune ├── slick@1.12.2
61 silly idealTree:prePrune ├── sntp@1.0.9
61 silly idealTree:prePrune ├─┬ socket.io-adapter@0.3.1
61 silly idealTree:prePrune │ ├── debug@1.0.2
61 silly idealTree:prePrune │ ├── ms@0.6.2
61 silly idealTree:prePrune │ └─┬ socket.io-parser@2.2.2
61 silly idealTree:prePrune │   └── debug@0.7.4
61 silly idealTree:prePrune ├─┬ socket.io-client@1.3.7
61 silly idealTree:prePrune │ └── debug@0.7.4
61 silly idealTree:prePrune ├─┬ socket.io-parser@2.2.4
61 silly idealTree:prePrune │ └── debug@0.7.4
61 silly idealTree:prePrune ├─┬ socket.io@1.3.7
61 silly idealTree:prePrune │ ├── debug@2.1.0
61 silly idealTree:prePrune │ └── ms@0.6.2
61 silly idealTree:prePrune ├── source-map@0.4.4
61 silly idealTree:prePrune ├── split@0.3.3
61 silly idealTree:prePrune ├── stack-trace@0.0.9
61 silly idealTree:prePrune ├── starttls@1.0.1
61 silly idealTree:prePrune ├── statuses@1.2.1
61 silly idealTree:prePrune ├── string_decoder@0.10.31
61 silly idealTree:prePrune ├── stringstream@0.0.5
61 silly idealTree:prePrune ├─┬ superagent@1.3.0
61 silly idealTree:prePrune │ ├── methods@1.0.1
61 silly idealTree:prePrune │ ├── qs@2.3.3
61 silly idealTree:prePrune │ └── readable-stream@1.0.27-1
61 silly idealTree:prePrune ├── supertest@1.1.0
61 silly idealTree:prePrune ├── templayed@0.2.3
61 silly idealTree:prePrune ├── throttleit@0.0.2
61 silly idealTree:prePrune ├── through@2.3.8
61 silly idealTree:prePrune ├── timers-ext@0.1.0
61 silly idealTree:prePrune ├── tinytim@0.1.1
61 silly idealTree:prePrune ├── to-array@0.1.3
61 silly idealTree:prePrune ├── tough-cookie@2.2.1
61 silly idealTree:prePrune ├── tracer@0.8.3
61 silly idealTree:prePrune ├─┬ transformers@2.1.0
61 silly idealTree:prePrune │ ├── is-promise@1.0.1
61 silly idealTree:prePrune │ ├── promise@2.0.0
61 silly idealTree:prePrune │ ├── source-map@0.1.43
61 silly idealTree:prePrune │ └── uglify-js@2.2.5
61 silly idealTree:prePrune ├── tunnel-agent@0.4.2
61 silly idealTree:prePrune ├── type-is@1.6.10
61 silly idealTree:prePrune ├── typedarray@0.0.6
61 silly idealTree:prePrune ├─┬ uglify-js@2.6.1
61 silly idealTree:prePrune │ ├── async@0.2.10
61 silly idealTree:prePrune │ └── source-map@0.5.3
61 silly idealTree:prePrune ├── uglify-to-browserify@1.0.2
61 silly idealTree:prePrune ├── uid-number@0.0.5
61 silly idealTree:prePrune ├── uid-safe@2.0.0
61 silly idealTree:prePrune ├── ultron@1.0.2
61 silly idealTree:prePrune ├── underscore@1.8.3
61 silly idealTree:prePrune ├── unpipe@1.0.0
61 silly idealTree:prePrune ├── utf-8-validate@1.2.1
61 silly idealTree:prePrune ├── utf8@2.1.0
61 silly idealTree:prePrune ├── util-deprecate@1.0.2
61 silly idealTree:prePrune ├── utils-merge@1.0.0
61 silly idealTree:prePrune ├── uuid@2.0.1
61 silly idealTree:prePrune ├── validator@4.3.0
61 silly idealTree:prePrune ├── vary@1.0.1
61 silly idealTree:prePrune ├── void-elements@2.0.1
61 silly idealTree:prePrune ├── walkdir@0.0.11
61 silly idealTree:prePrune ├─┬ web-resource-inliner@1.2.1
61 silly idealTree:prePrune │ ├── clean-css@1.1.7
61 silly idealTree:prePrune │ ├── commander@2.0.0
61 silly idealTree:prePrune │ └── lodash@3.10.1
61 silly idealTree:prePrune ├── win-spawn@2.0.0
61 silly idealTree:prePrune ├── window-size@0.1.0
61 silly idealTree:prePrune ├─┬ with@4.0.3
61 silly idealTree:prePrune │ └── acorn@1.2.2
61 silly idealTree:prePrune ├── wordwrap@0.0.3
61 silly idealTree:prePrune ├── wrappy@1.0.1
61 silly idealTree:prePrune ├── ws@0.8.0
61 silly idealTree:prePrune ├── xmlhttprequest@1.5.0
61 silly idealTree:prePrune ├── xtend@4.0.1
61 silly idealTree:prePrune └── yargs@3.10.0
62 silly loadIdealTree Finishing
63 silly currentTree pean-skeleton@0.0.0
63 silly currentTree ├── abbrev@1.0.7
63 silly currentTree ├── accepts@1.2.13
63 silly currentTree ├── acorn-globals@1.0.9
63 silly currentTree ├── acorn@2.7.0
63 silly currentTree ├── addressparser@0.3.2
63 silly currentTree ├── adm-zip@0.4.4
63 silly currentTree ├── after@0.8.1
63 silly currentTree ├── align-text@0.1.3
63 silly currentTree ├── amdefine@1.0.0
63 silly currentTree ├── ap@0.2.0
63 silly currentTree ├── array-flatten@1.1.1
63 silly currentTree ├── arraybuffer.slice@0.0.6
63 silly currentTree ├── asap@1.0.0
63 silly currentTree ├── asn1.js@2.2.1
63 silly currentTree ├── asn1@0.1.11
63 silly currentTree ├── assert-plus@0.1.5
63 silly currentTree ├── async@0.9.2
63 silly currentTree ├── aws-sign2@0.5.0
63 silly currentTree ├── backo2@1.0.2
63 silly currentTree ├── bagpipe@0.3.5
63 silly currentTree ├── balanced-match@0.3.0
63 silly currentTree ├── base64-arraybuffer@0.1.2
63 silly currentTree ├── base64-url@1.2.1
63 silly currentTree ├── base64id@0.1.0
63 silly currentTree ├── base64url@1.0.5
63 silly currentTree ├── basic-auth@1.0.3
63 silly currentTree ├── batch@0.5.3
63 silly currentTree ├── bcrypt@0.8.5
63 silly currentTree ├── benchmark@1.0.0
63 silly currentTree ├── better-assert@1.0.2
63 silly currentTree ├── bindings@1.2.1
63 silly currentTree ├── bl@0.9.4
63 silly currentTree ├── blob@0.0.4
63 silly currentTree ├── bluebird@3.1.5
63 silly currentTree ├── bn.js@2.2.0
63 silly currentTree ├── body-parser@1.14.2
63 silly currentTree ├── boolbase@1.0.0
63 silly currentTree ├── boom@2.10.1
63 silly currentTree ├── brace-expansion@1.1.3
63 silly currentTree ├── buffer-equal-constant-time@1.0.1
63 silly currentTree ├── buffer-writer@1.0.1
63 silly currentTree ├── bufferjs@1.1.0
63 silly currentTree ├── bufferutil@1.2.1
63 silly currentTree ├── bytes@2.2.0
63 silly currentTree ├── caller-id@0.1.0
63 silly currentTree ├── callsite@1.0.0
63 silly currentTree ├── camelcase-keys@1.0.0
63 silly currentTree ├── camelcase@1.2.1
63 silly currentTree ├── caseless@0.9.0
63 silly currentTree ├── center-align@0.1.2
63 silly currentTree ├── character-parser@1.2.1
63 silly currentTree ├─┬ cheerio@0.19.0
63 silly currentTree │ └── lodash@3.10.1
63 silly currentTree ├─┬ cldr-data-downloader@0.2.3
63 silly currentTree │ └── q@1.0.1
63 silly currentTree ├── cldr-data@28.0.3
63 silly currentTree ├── cldrjs@0.4.4
63 silly currentTree ├─┬ clean-css@3.4.9
63 silly currentTree │ └── commander@2.8.1
63 silly currentTree ├── cli-color@0.3.3
63 silly currentTree ├─┬ cliui@2.1.0
63 silly currentTree │ └── wordwrap@0.0.2
63 silly currentTree ├── clone@1.0.2
63 silly currentTree ├── coffee-script@1.10.0
63 silly currentTree ├── colors@1.0.3
63 silly currentTree ├── combined-stream@0.0.7
63 silly currentTree ├── commander@2.6.0
63 silly currentTree ├── component-bind@1.0.0
63 silly currentTree ├── component-emitter@1.1.2
63 silly currentTree ├── component-inherit@0.0.3
63 silly currentTree ├── concat-map@0.0.1
63 silly currentTree ├─┬ concat-stream@1.4.10
63 silly currentTree │ └── readable-stream@1.1.13
63 silly currentTree ├── config-chain@1.1.9
63 silly currentTree ├── consolidate@0.14.0
63 silly currentTree ├── constantinople@3.0.2
63 silly currentTree ├── content-disposition@0.5.1
63 silly currentTree ├── content-type@1.0.1
63 silly currentTree ├── cookie-parser@1.4.1
63 silly currentTree ├── cookie-signature@1.0.6
63 silly currentTree ├── cookie@0.2.3
63 silly currentTree ├── cookiejar@2.0.1
63 silly currentTree ├── core-util-is@1.0.2
63 silly currentTree ├── crc@3.3.0
63 silly currentTree ├── cryptiles@2.0.5
63 silly currentTree ├── css-parse@1.0.4
63 silly currentTree ├── css-select@1.0.0
63 silly currentTree ├── css-stringify@1.0.5
63 silly currentTree ├── css-what@1.0.0
63 silly currentTree ├── css@1.0.8
63 silly currentTree ├── cssom@0.3.0
63 silly currentTree ├── ctype@0.5.3
63 silly currentTree ├── d@0.1.1
63 silly currentTree ├── datauri@0.2.1
63 silly currentTree ├── dateformat@1.0.11
63 silly currentTree ├── debug@2.2.0
63 silly currentTree ├── decamelize@1.1.2
63 silly currentTree ├── deep-extend@0.4.1
63 silly currentTree ├── delayed-stream@0.0.5
63 silly currentTree ├── depd@1.1.0
63 silly currentTree ├── destroy@1.0.4
63 silly currentTree ├─┬ dom-serializer@0.1.0
63 silly currentTree │ └── domelementtype@1.1.3
63 silly currentTree ├── domelementtype@1.3.0
63 silly currentTree ├── domhandler@2.3.0
63 silly currentTree ├── domutils@1.4.3
63 silly currentTree ├── dotenv@1.2.0
63 silly currentTree ├── double-ended-queue@2.1.0-0
63 silly currentTree ├─┬ dynamic-table@1.0.0
63 silly currentTree │ └── moment-timezone@0.5.0
63 silly currentTree ├── ecdsa-sig-formatter@1.0.2
63 silly currentTree ├── ee-first@1.1.1
63 silly currentTree ├─┬ emailjs@1.0.4
63 silly currentTree │ └── moment@2.11.2
63 silly currentTree ├── encoding@0.1.12
63 silly currentTree ├─┬ engine.io-client@1.5.4
63 silly currentTree │ ├── debug@1.0.4
63 silly currentTree │ ├── ms@0.6.2
63 silly currentTree │ └── parseuri@0.0.4
63 silly currentTree ├── engine.io-parser@1.2.2
63 silly currentTree ├─┬ engine.io@1.5.4
63 silly currentTree │ ├── debug@1.0.3
63 silly currentTree │ └── ms@0.6.2
63 silly currentTree ├── entities@1.1.1
63 silly currentTree ├── es5-ext@0.10.11
63 silly currentTree ├── es6-iterator@2.0.0
63 silly currentTree ├── es6-symbol@3.0.2
63 silly currentTree ├─┬ es6-weak-map@0.1.4
63 silly currentTree │ ├── es6-iterator@0.1.3
63 silly currentTree │ └── es6-symbol@2.0.1
63 silly currentTree ├── escape-html@1.0.3
63 silly currentTree ├── escape-string-regexp@1.0.4
63 silly currentTree ├── etag@1.7.0
63 silly currentTree ├── event-emitter@0.3.4
63 silly currentTree ├── express-session@1.12.1
63 silly currentTree ├─┬ express@4.13.4
63 silly currentTree │ ├── cookie@0.1.5
63 silly currentTree │ ├── merge-descriptors@1.0.1
63 silly currentTree │ ├── methods@1.1.2
63 silly currentTree │ ├── parseurl@1.3.1
63 silly currentTree │ └── qs@4.0.0
63 silly currentTree ├── extend@1.2.1
63 silly currentTree ├─┬ fileset@0.1.8
63 silly currentTree │ ├─┬ glob@3.2.11
63 silly currentTree │ │ └── minimatch@0.3.0
63 silly currentTree │ └── minimatch@0.4.0
63 silly currentTree ├── fill-keys@1.0.2
63 silly currentTree ├── finalhandler@0.4.1
63 silly currentTree ├── forever-agent@0.5.2
63 silly currentTree ├─┬ form-data@0.2.0
63 silly currentTree │ ├── mime-db@1.12.0
63 silly currentTree │ └── mime-types@2.0.14
63 silly currentTree ├── formidable@1.0.14
63 silly currentTree ├── forwarded@0.1.0
63 silly currentTree ├── fresh@0.3.0
63 silly currentTree ├── fs-ext@0.5.0
63 silly currentTree ├── fs-extra@0.26.4
63 silly currentTree ├─┬ gaze@0.3.4
63 silly currentTree │ └── minimatch@0.2.14
63 silly currentTree ├── generic-pool@2.1.1
63 silly currentTree ├── get-stdin@4.0.1
63 silly currentTree ├── glob@5.0.15
63 silly currentTree ├── global@2.0.1
63 silly currentTree ├── globalize@1.1.1
63 silly currentTree ├── graceful-fs@4.1.2
63 silly currentTree ├── graceful-readlink@1.0.1
63 silly currentTree ├── growl@1.7.0
63 silly currentTree ├── has-binary-data@0.1.3
63 silly currentTree ├── has-binary@0.1.6
63 silly currentTree ├── has-cors@1.0.3
63 silly currentTree ├── hawk@2.3.1
63 silly currentTree ├── hoek@2.16.3
63 silly currentTree ├─┬ htmlparser2@3.8.3
63 silly currentTree │ ├── domutils@1.5.1
63 silly currentTree │ ├── entities@1.0.0
63 silly currentTree │ └── readable-stream@1.1.13
63 silly currentTree ├── http-errors@1.3.1
63 silly currentTree ├── http-signature@0.10.1
63 silly currentTree ├── iconv-lite@0.4.13
63 silly currentTree ├── indent-string@1.2.2
63 silly currentTree ├── indexof@0.0.1
63 silly currentTree ├── inflight@1.0.4
63 silly currentTree ├── inherits@2.0.1
63 silly currentTree ├── ini@1.3.4
63 silly currentTree ├── ipaddr.js@1.0.5
63 silly currentTree ├── is-buffer@1.1.1
63 silly currentTree ├── is-finite@1.0.1
63 silly currentTree ├── is-object@1.0.1
63 silly currentTree ├── is-promise@2.1.0
63 silly currentTree ├── isarray@0.0.1
63 silly currentTree ├── isstream@0.1.2
63 silly currentTree ├── jade@1.11.0
63 silly currentTree ├── jasmine-growl-reporter@0.0.3
63 silly currentTree ├─┬ jasmine-node@1.14.5
63 silly currentTree │ └── mkdirp@0.3.5
63 silly currentTree ├─┬ jasmine-reporters@1.0.2
63 silly currentTree │ └── mkdirp@0.3.5
63 silly currentTree ├── json-stringify-safe@5.0.1
63 silly currentTree ├── json3@3.2.6
63 silly currentTree ├── jsonfile@2.2.3
63 silly currentTree ├── jsonwebtoken@5.4.1
63 silly currentTree ├── jstransformer@0.0.2
63 silly currentTree ├─┬ juice@1.9.0
63 silly currentTree │ └── commander@2.9.0
63 silly currentTree ├─┬ jwa@1.1.1
63 silly currentTree │ └── base64url@0.0.6
63 silly currentTree ├── jws@3.1.0
63 silly currentTree ├── kind-of@2.0.1
63 silly currentTree ├── klaw@1.1.3
63 silly currentTree ├── lazy-cache@0.2.7
63 silly currentTree ├── lodash@4.1.0
63 silly currentTree ├── longest@1.0.1
63 silly currentTree ├── lru-cache@2.7.3
63 silly currentTree ├── lru-queue@0.1.0
63 silly currentTree ├── map-obj@1.0.1
63 silly currentTree ├── media-typer@0.3.0
63 silly currentTree ├── memoizee@0.3.9
63 silly currentTree ├── meow@2.0.0
63 silly currentTree ├── merge-descriptors@1.0.0
63 silly currentTree ├── merge@1.2.0
63 silly currentTree ├── methods@1.1.1
63 silly currentTree ├── mime-db@1.21.0
63 silly currentTree ├── mime-types@2.1.9
63 silly currentTree ├── mime@1.3.4
63 silly currentTree ├─┬ mimelib@0.2.14
63 silly currentTree │ └── addressparser@0.2.1
63 silly currentTree ├── mimer@0.2.1
63 silly currentTree ├── minimalistic-assert@1.0.0
63 silly currentTree ├── minimatch@3.0.0
63 silly currentTree ├── minimist@1.2.0
63 silly currentTree ├─┬ mkdirp@0.5.0
63 silly currentTree │ └── minimist@0.0.8
63 silly currentTree ├── module-not-found-error@1.0.1
63 silly currentTree ├── moment-timezone@0.4.1
63 silly currentTree ├── moment@2.11.1
63 silly currentTree ├─┬ morgan@1.6.1
63 silly currentTree │ └── depd@1.0.1
63 silly currentTree ├── ms@0.7.1
63 silly currentTree ├── nan@2.0.5
63 silly currentTree ├── negotiator@0.5.3
63 silly currentTree ├── next-tick@0.2.2
63 silly currentTree ├── node-service-locator@0.0.2
63 silly currentTree ├── node-uuid@1.4.7
63 silly currentTree ├── nopt@3.0.6
63 silly currentTree ├── npmconf@2.0.9
63 silly currentTree ├── nth-check@1.0.1
63 silly currentTree ├── number-is-nan@1.0.0
63 silly currentTree ├── oauth-sign@0.6.0
63 silly currentTree ├── object-assign@1.0.0
63 silly currentTree ├── object-component@0.0.3
63 silly currentTree ├── object-keys@1.0.1
63 silly currentTree ├── on-finished@2.3.0
63 silly currentTree ├── on-headers@1.0.1
63 silly currentTree ├── once@1.3.3
63 silly currentTree ├── optimist@0.3.7
63 silly currentTree ├── options@0.0.6
63 silly currentTree ├── os-homedir@1.0.1
63 silly currentTree ├── os-tmpdir@1.0.1
63 silly currentTree ├── osenv@0.1.3
63 silly currentTree ├── packet-reader@0.2.0
63 silly currentTree ├── parsejson@0.0.1
63 silly currentTree ├── parseqs@0.0.2
63 silly currentTree ├── parseuri@0.0.2
63 silly currentTree ├── parseurl@1.3.0
63 silly currentTree ├── path-is-absolute@1.0.0
63 silly currentTree ├── path-to-regexp@0.1.7
63 silly currentTree ├── pg-connection-string@0.1.3
63 silly currentTree ├── pg-types@1.10.0
63 silly currentTree ├── pg@4.4.6
63 silly currentTree ├── pgpass@0.0.3
63 silly currentTree ├── postgres-array@1.0.0
63 silly currentTree ├── postgres-bytea@1.0.0
63 silly currentTree ├── postgres-date@1.0.1
63 silly currentTree ├── postgres-interval@1.0.1
63 silly currentTree ├── progress@1.1.8
63 silly currentTree ├── promise@6.1.0
63 silly currentTree ├── proto-list@1.2.4
63 silly currentTree ├── proxy-addr@1.0.10
63 silly currentTree ├── q@1.4.1
63 silly currentTree ├── qs@5.2.0
63 silly currentTree ├── range-parser@1.0.3
63 silly currentTree ├── raw-body@2.1.5
63 silly currentTree ├── readable-stream@1.0.33
63 silly currentTree ├── readline@1.2.1
63 silly currentTree ├── redis-commands@1.0.2
63 silly currentTree ├── redis@2.4.2
63 silly currentTree ├── reduce-component@1.0.1
63 silly currentTree ├── repeat-string@1.5.2
63 silly currentTree ├── repeating@1.1.3
63 silly currentTree ├── request-progress@0.3.1
63 silly currentTree ├─┬ request@2.53.0
63 silly currentTree │ ├── mime-db@1.12.0
63 silly currentTree │ ├── mime-types@2.0.14
63 silly currentTree │ └── qs@2.3.3
63 silly currentTree ├── requirejs@2.1.22
63 silly currentTree ├── retry@0.8.0
63 silly currentTree ├── right-align@0.1.3
63 silly currentTree ├─┬ rimraf@2.5.2
63 silly currentTree │ └── glob@7.0.3
63 silly currentTree ├── semver@4.3.6
63 silly currentTree ├── send@0.13.1
63 silly currentTree ├── serve-favicon@2.3.0
63 silly currentTree ├─┬ serve-static@1.10.2
63 silly currentTree │ └── parseurl@1.3.1
63 silly currentTree ├── session-file-store@0.0.24
63 silly currentTree ├── sigmund@1.0.1
63 silly currentTree ├── slick@1.12.2
63 silly currentTree ├── sntp@1.0.9
63 silly currentTree ├─┬ socket.io-adapter@0.3.1
63 silly currentTree │ ├── debug@1.0.2
63 silly currentTree │ ├── ms@0.6.2
63 silly currentTree │ └─┬ socket.io-parser@2.2.2
63 silly currentTree │   └── debug@0.7.4
63 silly currentTree ├─┬ socket.io-client@1.3.7
63 silly currentTree │ └── debug@0.7.4
63 silly currentTree ├─┬ socket.io-parser@2.2.4
63 silly currentTree │ └── debug@0.7.4
63 silly currentTree ├─┬ socket.io@1.3.7
63 silly currentTree │ ├── debug@2.1.0
63 silly currentTree │ └── ms@0.6.2
63 silly currentTree ├── source-map@0.4.4
63 silly currentTree ├── split@0.3.3
63 silly currentTree ├── stack-trace@0.0.9
63 silly currentTree ├── starttls@1.0.1
63 silly currentTree ├── statuses@1.2.1
63 silly currentTree ├── string_decoder@0.10.31
63 silly currentTree ├── stringstream@0.0.5
63 silly currentTree ├─┬ superagent@1.3.0
63 silly currentTree │ ├── methods@1.0.1
63 silly currentTree │ ├── qs@2.3.3
63 silly currentTree │ └── readable-stream@1.0.27-1
63 silly currentTree ├── supertest@1.1.0
63 silly currentTree ├── templayed@0.2.3
63 silly currentTree ├── throttleit@0.0.2
63 silly currentTree ├── through@2.3.8
63 silly currentTree ├── timers-ext@0.1.0
63 silly currentTree ├── tinytim@0.1.1
63 silly currentTree ├── to-array@0.1.3
63 silly currentTree ├── tough-cookie@2.2.1
63 silly currentTree ├── tracer@0.8.3
63 silly currentTree ├─┬ transformers@2.1.0
63 silly currentTree │ ├── is-promise@1.0.1
63 silly currentTree │ ├── promise@2.0.0
63 silly currentTree │ ├── source-map@0.1.43
63 silly currentTree │ └── uglify-js@2.2.5
63 silly currentTree ├── tunnel-agent@0.4.2
63 silly currentTree ├── type-is@1.6.10
63 silly currentTree ├── typedarray@0.0.6
63 silly currentTree ├─┬ uglify-js@2.6.1
63 silly currentTree │ ├── async@0.2.10
63 silly currentTree │ └── source-map@0.5.3
63 silly currentTree ├── uglify-to-browserify@1.0.2
63 silly currentTree ├── uid-number@0.0.5
63 silly currentTree ├── uid-safe@2.0.0
63 silly currentTree ├── ultron@1.0.2
63 silly currentTree ├── underscore@1.8.3
63 silly currentTree ├── unpipe@1.0.0
63 silly currentTree ├── utf-8-validate@1.2.1
63 silly currentTree ├── utf8@2.1.0
63 silly currentTree ├── util-deprecate@1.0.2
63 silly currentTree ├── utils-merge@1.0.0
63 silly currentTree ├── uuid@2.0.1
63 silly currentTree ├── validator@4.3.0
63 silly currentTree ├── vary@1.0.1
63 silly currentTree ├── void-elements@2.0.1
63 silly currentTree ├── walkdir@0.0.11
63 silly currentTree ├─┬ web-resource-inliner@1.2.1
63 silly currentTree │ ├── clean-css@1.1.7
63 silly currentTree │ ├── commander@2.0.0
63 silly currentTree │ └── lodash@3.10.1
63 silly currentTree ├── win-spawn@2.0.0
63 silly currentTree ├── window-size@0.1.0
63 silly currentTree ├─┬ with@4.0.3
63 silly currentTree │ └── acorn@1.2.2
63 silly currentTree ├── wordwrap@0.0.3
63 silly currentTree ├── wrappy@1.0.1
63 silly currentTree ├── ws@0.8.0
63 silly currentTree ├── xmlhttprequest@1.5.0
63 silly currentTree ├── xtend@4.0.1
63 silly currentTree └── yargs@3.10.0
64 silly idealTree pean-skeleton@0.0.0
64 silly idealTree ├── abbrev@1.0.7
64 silly idealTree ├── accepts@1.2.13
64 silly idealTree ├── acorn-globals@1.0.9
64 silly idealTree ├── acorn@2.7.0
64 silly idealTree ├── addressparser@0.3.2
64 silly idealTree ├── adm-zip@0.4.4
64 silly idealTree ├── after@0.8.1
64 silly idealTree ├── align-text@0.1.3
64 silly idealTree ├── amdefine@1.0.0
64 silly idealTree ├── ap@0.2.0
64 silly idealTree ├── array-flatten@1.1.1
64 silly idealTree ├── arraybuffer.slice@0.0.6
64 silly idealTree ├── asap@1.0.0
64 silly idealTree ├── asn1.js@2.2.1
64 silly idealTree ├── asn1@0.1.11
64 silly idealTree ├── assert-plus@0.1.5
64 silly idealTree ├── async@0.9.2
64 silly idealTree ├── aws-sign2@0.5.0
64 silly idealTree ├── backo2@1.0.2
64 silly idealTree ├── bagpipe@0.3.5
64 silly idealTree ├── balanced-match@0.3.0
64 silly idealTree ├── base64-arraybuffer@0.1.2
64 silly idealTree ├── base64-url@1.2.1
64 silly idealTree ├── base64id@0.1.0
64 silly idealTree ├── base64url@1.0.5
64 silly idealTree ├── basic-auth@1.0.3
64 silly idealTree ├── batch@0.5.3
64 silly idealTree ├── bcrypt@0.8.5
64 silly idealTree ├── benchmark@1.0.0
64 silly idealTree ├── better-assert@1.0.2
64 silly idealTree ├── bindings@1.2.1
64 silly idealTree ├── bl@0.9.4
64 silly idealTree ├── blob@0.0.4
64 silly idealTree ├── bluebird@3.1.5
64 silly idealTree ├── bn.js@2.2.0
64 silly idealTree ├── body-parser@1.14.2
64 silly idealTree ├── boolbase@1.0.0
64 silly idealTree ├── boom@2.10.1
64 silly idealTree ├── brace-expansion@1.1.3
64 silly idealTree ├── buffer-equal-constant-time@1.0.1
64 silly idealTree ├── buffer-writer@1.0.1
64 silly idealTree ├── bufferjs@1.1.0
64 silly idealTree ├── bufferutil@1.2.1
64 silly idealTree ├── bytes@2.2.0
64 silly idealTree ├── caller-id@0.1.0
64 silly idealTree ├── callsite@1.0.0
64 silly idealTree ├── camelcase-keys@1.0.0
64 silly idealTree ├── camelcase@1.2.1
64 silly idealTree ├── caseless@0.9.0
64 silly idealTree ├── center-align@0.1.2
64 silly idealTree ├── character-parser@1.2.1
64 silly idealTree ├─┬ cheerio@0.19.0
64 silly idealTree │ └── lodash@3.10.1
64 silly idealTree ├─┬ cldr-data-downloader@0.2.3
64 silly idealTree │ └── q@1.0.1
64 silly idealTree ├── cldr-data@28.0.3
64 silly idealTree ├── cldrjs@0.4.4
64 silly idealTree ├─┬ clean-css@3.4.9
64 silly idealTree │ └── commander@2.8.1
64 silly idealTree ├── cli-color@0.3.3
64 silly idealTree ├─┬ cliui@2.1.0
64 silly idealTree │ └── wordwrap@0.0.2
64 silly idealTree ├── clone@1.0.2
64 silly idealTree ├── coffee-script@1.10.0
64 silly idealTree ├── colors@1.0.3
64 silly idealTree ├── combined-stream@0.0.7
64 silly idealTree ├── commander@2.6.0
64 silly idealTree ├── component-bind@1.0.0
64 silly idealTree ├── component-emitter@1.1.2
64 silly idealTree ├── component-inherit@0.0.3
64 silly idealTree ├── concat-map@0.0.1
64 silly idealTree ├─┬ concat-stream@1.4.10
64 silly idealTree │ └── readable-stream@1.1.13
64 silly idealTree ├── config-chain@1.1.9
64 silly idealTree ├── consolidate@0.14.0
64 silly idealTree ├── constantinople@3.0.2
64 silly idealTree ├── content-disposition@0.5.1
64 silly idealTree ├── content-type@1.0.1
64 silly idealTree ├── cookie-parser@1.4.1
64 silly idealTree ├── cookie-signature@1.0.6
64 silly idealTree ├── cookie@0.2.3
64 silly idealTree ├── cookiejar@2.0.1
64 silly idealTree ├── core-util-is@1.0.2
64 silly idealTree ├── crc@3.3.0
64 silly idealTree ├── cryptiles@2.0.5
64 silly idealTree ├── css-parse@1.0.4
64 silly idealTree ├── css-select@1.0.0
64 silly idealTree ├── css-stringify@1.0.5
64 silly idealTree ├── css-what@1.0.0
64 silly idealTree ├── css@1.0.8
64 silly idealTree ├── cssom@0.3.0
64 silly idealTree ├── ctype@0.5.3
64 silly idealTree ├── d@0.1.1
64 silly idealTree ├── datauri@0.2.1
64 silly idealTree ├── dateformat@1.0.11
64 silly idealTree ├── debug@2.2.0
64 silly idealTree ├── decamelize@1.1.2
64 silly idealTree ├── deep-extend@0.4.1
64 silly idealTree ├── delayed-stream@0.0.5
64 silly idealTree ├── depd@1.1.0
64 silly idealTree ├── destroy@1.0.4
64 silly idealTree ├─┬ dom-serializer@0.1.0
64 silly idealTree │ └── domelementtype@1.1.3
64 silly idealTree ├── domelementtype@1.3.0
64 silly idealTree ├── domhandler@2.3.0
64 silly idealTree ├── domutils@1.4.3
64 silly idealTree ├── dotenv@1.2.0
64 silly idealTree ├── double-ended-queue@2.1.0-0
64 silly idealTree ├─┬ dynamic-table@1.0.0
64 silly idealTree │ └── moment-timezone@0.5.0
64 silly idealTree ├── ecdsa-sig-formatter@1.0.2
64 silly idealTree ├── ee-first@1.1.1
64 silly idealTree ├─┬ emailjs@1.0.4
64 silly idealTree │ └── moment@2.11.2
64 silly idealTree ├── encoding@0.1.12
64 silly idealTree ├─┬ engine.io-client@1.5.4
64 silly idealTree │ ├── debug@1.0.4
64 silly idealTree │ ├── ms@0.6.2
64 silly idealTree │ └── parseuri@0.0.4
64 silly idealTree ├── engine.io-parser@1.2.2
64 silly idealTree ├─┬ engine.io@1.5.4
64 silly idealTree │ ├── debug@1.0.3
64 silly idealTree │ └── ms@0.6.2
64 silly idealTree ├── entities@1.1.1
64 silly idealTree ├── es5-ext@0.10.11
64 silly idealTree ├── es6-iterator@2.0.0
64 silly idealTree ├── es6-symbol@3.0.2
64 silly idealTree ├─┬ es6-weak-map@0.1.4
64 silly idealTree │ ├── es6-iterator@0.1.3
64 silly idealTree │ └── es6-symbol@2.0.1
64 silly idealTree ├── escape-html@1.0.3
64 silly idealTree ├── escape-string-regexp@1.0.4
64 silly idealTree ├── etag@1.7.0
64 silly idealTree ├── event-emitter@0.3.4
64 silly idealTree ├── express-session@1.12.1
64 silly idealTree ├─┬ express@4.13.4
64 silly idealTree │ ├── cookie@0.1.5
64 silly idealTree │ ├── merge-descriptors@1.0.1
64 silly idealTree │ ├── methods@1.1.2
64 silly idealTree │ ├── parseurl@1.3.1
64 silly idealTree │ └── qs@4.0.0
64 silly idealTree ├── extend@1.2.1
64 silly idealTree ├─┬ fileset@0.1.8
64 silly idealTree │ ├─┬ glob@3.2.11
64 silly idealTree │ │ └── minimatch@0.3.0
64 silly idealTree │ └── minimatch@0.4.0
64 silly idealTree ├── fill-keys@1.0.2
64 silly idealTree ├── finalhandler@0.4.1
64 silly idealTree ├── forever-agent@0.5.2
64 silly idealTree ├─┬ form-data@0.2.0
64 silly idealTree │ ├── mime-db@1.12.0
64 silly idealTree │ └── mime-types@2.0.14
64 silly idealTree ├── formidable@1.0.14
64 silly idealTree ├── forwarded@0.1.0
64 silly idealTree ├── fresh@0.3.0
64 silly idealTree ├── fs-ext@0.5.0
64 silly idealTree ├── fs-extra@0.26.4
64 silly idealTree ├─┬ gaze@0.3.4
64 silly idealTree │ └── minimatch@0.2.14
64 silly idealTree ├── generic-pool@2.1.1
64 silly idealTree ├── get-stdin@4.0.1
64 silly idealTree ├── glob@5.0.15
64 silly idealTree ├── global@2.0.1
64 silly idealTree ├── globalize@1.1.1
64 silly idealTree ├── graceful-fs@4.1.2
64 silly idealTree ├── graceful-readlink@1.0.1
64 silly idealTree ├── growl@1.7.0
64 silly idealTree ├── has-binary-data@0.1.3
64 silly idealTree ├── has-binary@0.1.6
64 silly idealTree ├── has-cors@1.0.3
64 silly idealTree ├── hawk@2.3.1
64 silly idealTree ├── hoek@2.16.3
64 silly idealTree ├─┬ htmlparser2@3.8.3
64 silly idealTree │ ├── domutils@1.5.1
64 silly idealTree │ ├── entities@1.0.0
64 silly idealTree │ └── readable-stream@1.1.13
64 silly idealTree ├── http-errors@1.3.1
64 silly idealTree ├── http-signature@0.10.1
64 silly idealTree ├── iconv-lite@0.4.13
64 silly idealTree ├── indent-string@1.2.2
64 silly idealTree ├── indexof@0.0.1
64 silly idealTree ├── inflight@1.0.4
64 silly idealTree ├── inherits@2.0.1
64 silly idealTree ├── ini@1.3.4
64 silly idealTree ├── ipaddr.js@1.0.5
64 silly idealTree ├── is-buffer@1.1.1
64 silly idealTree ├── is-finite@1.0.1
64 silly idealTree ├── is-object@1.0.1
64 silly idealTree ├── is-promise@2.1.0
64 silly idealTree ├── isarray@0.0.1
64 silly idealTree ├── isstream@0.1.2
64 silly idealTree ├── jade@1.11.0
64 silly idealTree ├── jasmine-growl-reporter@0.0.3
64 silly idealTree ├─┬ jasmine-node@1.14.5
64 silly idealTree │ └── mkdirp@0.3.5
64 silly idealTree ├─┬ jasmine-reporters@1.0.2
64 silly idealTree │ └── mkdirp@0.3.5
64 silly idealTree ├── json-stringify-safe@5.0.1
64 silly idealTree ├── json3@3.2.6
64 silly idealTree ├── jsonfile@2.2.3
64 silly idealTree ├── jsonwebtoken@5.4.1
64 silly idealTree ├── jstransformer@0.0.2
64 silly idealTree ├─┬ juice@1.9.0
64 silly idealTree │ └── commander@2.9.0
64 silly idealTree ├─┬ jwa@1.1.1
64 silly idealTree │ └── base64url@0.0.6
64 silly idealTree ├── jws@3.1.0
64 silly idealTree ├── kind-of@2.0.1
64 silly idealTree ├── klaw@1.1.3
64 silly idealTree ├── lazy-cache@0.2.7
64 silly idealTree ├── lodash@4.1.0
64 silly idealTree ├── longest@1.0.1
64 silly idealTree ├── lru-cache@2.7.3
64 silly idealTree ├── lru-queue@0.1.0
64 silly idealTree ├── map-obj@1.0.1
64 silly idealTree ├── media-typer@0.3.0
64 silly idealTree ├── memoizee@0.3.9
64 silly idealTree ├── meow@2.0.0
64 silly idealTree ├── merge-descriptors@1.0.0
64 silly idealTree ├── merge@1.2.0
64 silly idealTree ├── methods@1.1.1
64 silly idealTree ├── mime-db@1.21.0
64 silly idealTree ├── mime-types@2.1.9
64 silly idealTree ├── mime@1.3.4
64 silly idealTree ├─┬ mimelib@0.2.14
64 silly idealTree │ └── addressparser@0.2.1
64 silly idealTree ├── mimer@0.2.1
64 silly idealTree ├── minimalistic-assert@1.0.0
64 silly idealTree ├── minimatch@3.0.0
64 silly idealTree ├── minimist@1.2.0
64 silly idealTree ├─┬ mkdirp@0.5.0
64 silly idealTree │ └── minimist@0.0.8
64 silly idealTree ├── module-not-found-error@1.0.1
64 silly idealTree ├── moment-timezone@0.4.1
64 silly idealTree ├── moment@2.11.1
64 silly idealTree ├─┬ morgan@1.6.1
64 silly idealTree │ └── depd@1.0.1
64 silly idealTree ├── ms@0.7.1
64 silly idealTree ├── nan@2.0.5
64 silly idealTree ├── negotiator@0.5.3
64 silly idealTree ├── next-tick@0.2.2
64 silly idealTree ├── node-service-locator@0.0.2
64 silly idealTree ├── node-uuid@1.4.7
64 silly idealTree ├── nopt@3.0.6
64 silly idealTree ├── npmconf@2.0.9
64 silly idealTree ├── nth-check@1.0.1
64 silly idealTree ├── number-is-nan@1.0.0
64 silly idealTree ├── oauth-sign@0.6.0
64 silly idealTree ├── object-assign@1.0.0
64 silly idealTree ├── object-component@0.0.3
64 silly idealTree ├── object-keys@1.0.1
64 silly idealTree ├── on-finished@2.3.0
64 silly idealTree ├── on-headers@1.0.1
64 silly idealTree ├── once@1.3.3
64 silly idealTree ├── optimist@0.3.7
64 silly idealTree ├── options@0.0.6
64 silly idealTree ├── os-homedir@1.0.1
64 silly idealTree ├── os-tmpdir@1.0.1
64 silly idealTree ├── osenv@0.1.3
64 silly idealTree ├── packet-reader@0.2.0
64 silly idealTree ├── parsejson@0.0.1
64 silly idealTree ├── parseqs@0.0.2
64 silly idealTree ├── parseuri@0.0.2
64 silly idealTree ├── parseurl@1.3.0
64 silly idealTree ├── path-is-absolute@1.0.0
64 silly idealTree ├── path-to-regexp@0.1.7
64 silly idealTree ├── pg-connection-string@0.1.3
64 silly idealTree ├── pg-types@1.10.0
64 silly idealTree ├── pg@4.4.6
64 silly idealTree ├── pgpass@0.0.3
64 silly idealTree ├── postgres-array@1.0.0
64 silly idealTree ├── postgres-bytea@1.0.0
64 silly idealTree ├── postgres-date@1.0.1
64 silly idealTree ├── postgres-interval@1.0.1
64 silly idealTree ├── progress@1.1.8
64 silly idealTree ├── promise@6.1.0
64 silly idealTree ├── proto-list@1.2.4
64 silly idealTree ├── proxy-addr@1.0.10
64 silly idealTree ├── pty.js@0.3.0
64 silly idealTree ├── q@1.4.1
64 silly idealTree ├── qs@5.2.0
64 silly idealTree ├── range-parser@1.0.3
64 silly idealTree ├── raw-body@2.1.5
64 silly idealTree ├── readable-stream@1.0.33
64 silly idealTree ├── readline@1.2.1
64 silly idealTree ├── redis-commands@1.0.2
64 silly idealTree ├── redis@2.4.2
64 silly idealTree ├── reduce-component@1.0.1
64 silly idealTree ├── repeat-string@1.5.2
64 silly idealTree ├── repeating@1.1.3
64 silly idealTree ├── request-progress@0.3.1
64 silly idealTree ├─┬ request@2.53.0
64 silly idealTree │ ├── mime-db@1.12.0
64 silly idealTree │ ├── mime-types@2.0.14
64 silly idealTree │ └── qs@2.3.3
64 silly idealTree ├── requirejs@2.1.22
64 silly idealTree ├── retry@0.8.0
64 silly idealTree ├── right-align@0.1.3
64 silly idealTree ├─┬ rimraf@2.5.2
64 silly idealTree │ └── glob@7.0.3
64 silly idealTree ├── semver@4.3.6
64 silly idealTree ├── send@0.13.1
64 silly idealTree ├── serve-favicon@2.3.0
64 silly idealTree ├─┬ serve-static@1.10.2
64 silly idealTree │ └── parseurl@1.3.1
64 silly idealTree ├── session-file-store@0.0.24
64 silly idealTree ├── sigmund@1.0.1
64 silly idealTree ├── slick@1.12.2
64 silly idealTree ├── sntp@1.0.9
64 silly idealTree ├─┬ socket.io-adapter@0.3.1
64 silly idealTree │ ├── debug@1.0.2
64 silly idealTree │ ├── ms@0.6.2
64 silly idealTree │ └─┬ socket.io-parser@2.2.2
64 silly idealTree │   └── debug@0.7.4
64 silly idealTree ├─┬ socket.io-client@1.3.7
64 silly idealTree │ └── debug@0.7.4
64 silly idealTree ├─┬ socket.io-parser@2.2.4
64 silly idealTree │ └── debug@0.7.4
64 silly idealTree ├─┬ socket.io@1.3.7
64 silly idealTree │ ├── debug@2.1.0
64 silly idealTree │ └── ms@0.6.2
64 silly idealTree ├── source-map@0.4.4
64 silly idealTree ├── split@0.3.3
64 silly idealTree ├── stack-trace@0.0.9
64 silly idealTree ├── starttls@1.0.1
64 silly idealTree ├── statuses@1.2.1
64 silly idealTree ├── string_decoder@0.10.31
64 silly idealTree ├── stringstream@0.0.5
64 silly idealTree ├─┬ superagent@1.3.0
64 silly idealTree │ ├── methods@1.0.1
64 silly idealTree │ ├── qs@2.3.3
64 silly idealTree │ └── readable-stream@1.0.27-1
64 silly idealTree ├── supertest@1.1.0
64 silly idealTree ├── templayed@0.2.3
64 silly idealTree ├── throttleit@0.0.2
64 silly idealTree ├── through@2.3.8
64 silly idealTree ├── timers-ext@0.1.0
64 silly idealTree ├── tinytim@0.1.1
64 silly idealTree ├── to-array@0.1.3
64 silly idealTree ├── tough-cookie@2.2.1
64 silly idealTree ├── tracer@0.8.3
64 silly idealTree ├─┬ transformers@2.1.0
64 silly idealTree │ ├── is-promise@1.0.1
64 silly idealTree │ ├── promise@2.0.0
64 silly idealTree │ ├── source-map@0.1.43
64 silly idealTree │ └── uglify-js@2.2.5
64 silly idealTree ├── tunnel-agent@0.4.2
64 silly idealTree ├── type-is@1.6.10
64 silly idealTree ├── typedarray@0.0.6
64 silly idealTree ├─┬ uglify-js@2.6.1
64 silly idealTree │ ├── async@0.2.10
64 silly idealTree │ └── source-map@0.5.3
64 silly idealTree ├── uglify-to-browserify@1.0.2
64 silly idealTree ├── uid-number@0.0.5
64 silly idealTree ├── uid-safe@2.0.0
64 silly idealTree ├── ultron@1.0.2
64 silly idealTree ├── underscore@1.8.3
64 silly idealTree ├── unpipe@1.0.0
64 silly idealTree ├── utf-8-validate@1.2.1
64 silly idealTree ├── utf8@2.1.0
64 silly idealTree ├── util-deprecate@1.0.2
64 silly idealTree ├── utils-merge@1.0.0
64 silly idealTree ├── uuid@2.0.1
64 silly idealTree ├── validator@4.3.0
64 silly idealTree ├── vary@1.0.1
64 silly idealTree ├── void-elements@2.0.1
64 silly idealTree ├── walkdir@0.0.11
64 silly idealTree ├─┬ web-resource-inliner@1.2.1
64 silly idealTree │ ├── clean-css@1.1.7
64 silly idealTree │ ├── commander@2.0.0
64 silly idealTree │ └── lodash@3.10.1
64 silly idealTree ├── win-spawn@2.0.0
64 silly idealTree ├── window-size@0.1.0
64 silly idealTree ├─┬ with@4.0.3
64 silly idealTree │ └── acorn@1.2.2
64 silly idealTree ├── wordwrap@0.0.3
64 silly idealTree ├── wrappy@1.0.1
64 silly idealTree ├── ws@0.8.0
64 silly idealTree ├── xmlhttprequest@1.5.0
64 silly idealTree ├── xtend@4.0.1
64 silly idealTree └── yargs@3.10.0
65 silly generateActionsToTake Starting
66 silly install generateActionsToTake
67 silly generateActionsToTake Finishing
68 silly diffTrees action count 1
69 silly diffTrees add pty.js@0.3.0
70 silly decomposeActions action count 8
71 silly decomposeActions fetch pty.js@0.3.0
72 silly decomposeActions extract pty.js@0.3.0
73 silly decomposeActions test pty.js@0.3.0
74 silly decomposeActions preinstall pty.js@0.3.0
75 silly decomposeActions build pty.js@0.3.0
76 silly decomposeActions install pty.js@0.3.0
77 silly decomposeActions postinstall pty.js@0.3.0
78 silly decomposeActions finalize pty.js@0.3.0
79 silly executeActions Starting
80 silly install executeActions
81 silly doSerial global-install 0
82 silly doParallel fetch 1
83 verbose correctMkdir /home/ross/.npm/_locks correctMkdir not in flight; initializing
84 verbose lock using /home/ross/.npm/_locks/staging-1638fa7e58af104f.lock for /usr/home/ross/Projects/pean-skeleton/node_modules/.staging
85 silly doParallel extract 1
86 silly extract pty.js@0.3.0
87 verbose unbuild node_modules/.staging/pty.js-869e0e65
88 silly gentlyRm /usr/home/ross/Projects/pean-skeleton/node_modules/.staging/pty.js-869e0e65 is being purged from base /usr/home/ross/Projects/pean-skeleton
89 verbose gentlyRm don't care about contents; nuking /usr/home/ross/Projects/pean-skeleton/node_modules/.staging/pty.js-869e0e65
90 verbose tar unpack /home/ross/.npm/pty.js/0.3.0/package.tgz
91 verbose tar unpacking to /usr/home/ross/Projects/pean-skeleton/node_modules/.staging/pty.js-869e0e65
92 silly gentlyRm /usr/home/ross/Projects/pean-skeleton/node_modules/.staging/pty.js-869e0e65 is being purged
93 verbose gentlyRm don't care about contents; nuking /usr/home/ross/Projects/pean-skeleton/node_modules/.staging/pty.js-869e0e65
94 silly gunzTarPerm modes [ '755', '644' ]
95 silly gunzTarPerm extractEntry package.json
96 silly gunzTarPerm extractEntry .npmignore
97 silly gunzTarPerm extractEntry README.md
98 silly gunzTarPerm extractEntry LICENSE
99 silly gunzTarPerm extractEntry index.js
100 silly gunzTarPerm extractEntry deps/winpty/LICENSE
101 silly gunzTarPerm extractEntry deps/winpty/winpty.gyp
102 silly gunzTarPerm extractEntry deps/winpty/Notes.txt
103 silly gunzTarPerm extractEntry deps/winpty/README.rst
104 silly gunzTarPerm extractEntry deps/winpty/agent/EventLoop.h
105 silly gunzTarPerm extractEntry deps/winpty/agent/Agent.cc
106 silly gunzTarPerm extractEntry deps/winpty/agent/AgentAssert.cc
107 silly gunzTarPerm extractEntry deps/winpty/agent/AgentAssert.h
108 silly gunzTarPerm extractEntry deps/winpty/agent/ConsoleInput.cc
109 silly gunzTarPerm extractEntry deps/winpty/agent/ConsoleInput.h
110 silly gunzTarPerm extractEntry deps/winpty/agent/Coord.cc
111 silly gunzTarPerm extractEntry deps/winpty/agent/Coord.h
112 silly gunzTarPerm extractEntry deps/winpty/agent/DsrSender.h
113 silly gunzTarPerm extractEntry deps/winpty/agent/EventLoop.cc
114 silly gunzTarPerm extractEntry deps/winpty/agent/Agent.h
115 silly gunzTarPerm extractEntry deps/winpty/agent/Makefile
116 silly gunzTarPerm extractEntry deps/winpty/agent/NamedPipe.cc
117 silly gunzTarPerm extractEntry deps/winpty/agent/NamedPipe.h
118 silly gunzTarPerm extractEntry deps/winpty/agent/SmallRect.cc
119 silly gunzTarPerm extractEntry deps/winpty/agent/SmallRect.h
120 silly gunzTarPerm extractEntry deps/winpty/agent/Terminal.cc
121 silly gunzTarPerm extractEntry deps/winpty/agent/Terminal.h
122 silly gunzTarPerm extractEntry deps/winpty/agent/Win32Console.cc
123 silly gunzTarPerm extractEntry deps/winpty/agent/Win32Console.h
124 silly gunzTarPerm extractEntry deps/winpty/agent/main.cc
125 silly gunzTarPerm extractEntry deps/winpty/config.mk
126 silly gunzTarPerm extractEntry deps/winpty/Makefile
127 silly gunzTarPerm extractEntry deps/winpty/include/winpty.h
128 silly gunzTarPerm extractEntry deps/winpty/libwinpty/Makefile
129 silly gunzTarPerm extractEntry deps/winpty/libwinpty/winpty.cc
130 silly gunzTarPerm extractEntry deps/winpty/misc/VkEscapeTest.cc
131 silly gunzTarPerm extractEntry deps/winpty/misc/DebugClient.py
132 silly gunzTarPerm extractEntry deps/winpty/misc/FormatChar.h
133 silly gunzTarPerm extractEntry deps/winpty/misc/SelectAllTest.cc
134 silly gunzTarPerm extractEntry deps/winpty/misc/ShowArgv.cc
135 silly gunzTarPerm extractEntry deps/winpty/misc/ShowConsoleInput.cc
136 silly gunzTarPerm extractEntry deps/winpty/misc/Spew.py
137 silly gunzTarPerm extractEntry deps/winpty/misc/UnixEcho.cc
138 silly gunzTarPerm extractEntry deps/winpty/misc/DebugServer.py
139 silly gunzTarPerm extractEntry deps/winpty/misc/Win32Echo1.cc
140 silly gunzTarPerm extractEntry deps/winpty/misc/Win32Echo2.cc
141 silly gunzTarPerm extractEntry deps/winpty/misc/Win32Test1.cc
142 silly gunzTarPerm extractEntry deps/winpty/misc/Win32Test2.cc
143 silly gunzTarPerm extractEntry deps/winpty/misc/Win32Test3.cc
144 silly gunzTarPerm extractEntry deps/winpty/misc/Win32Write1.cc
145 silly gunzTarPerm extractEntry deps/winpty/misc/build_win32.sh
146 silly gunzTarPerm extractEntry deps/winpty/shared/AgentMsg.h
147 silly gunzTarPerm extractEntry deps/winpty/shared/Buffer.h
148 silly gunzTarPerm extractEntry deps/winpty/shared/DebugClient.cc
149 silly gunzTarPerm extractEntry deps/winpty/shared/DebugClient.h
150 silly gunzTarPerm extractEntry deps/winpty/shared/c99_snprintf.h
151 silly gunzTarPerm extractEntry deps/winpty/unix-adapter/Makefile
152 silly gunzTarPerm extractEntry deps/winpty/unix-adapter/Shared.cc
153 silly gunzTarPerm extractEntry deps/winpty/unix-adapter/main.cc
154 silly gunzTarPerm extractEntry deps/winpty/configure
155 silly gunzTarPerm extractEntry binding.gyp
156 silly gunzTarPerm extractEntry Makefile
157 silly gunzTarPerm extractEntry lib/pty.js
158 silly gunzTarPerm extractEntry lib/pty_win.js
159 silly gunzTarPerm extractEntry src/unix/pty.cc
160 silly gunzTarPerm extractEntry src/win/pty.cc
161 silly gunzTarPerm extractEntry wscript
162 silly gentlyRm /usr/home/ross/Projects/pean-skeleton/node_modules/.staging/pty.js-869e0e65/node_modules is being purged
163 verbose gentlyRm don't care about contents; nuking /usr/home/ross/Projects/pean-skeleton/node_modules/.staging/pty.js-869e0e65/node_modules
164 silly doParallel preinstall 1
165 silly preinstall pty.js@0.3.0 /usr/home/ross/Projects/pean-skeleton/node_modules/.staging/pty.js-869e0e65
166 info lifecycle pty.js@0.3.0~preinstall: pty.js@0.3.0
167 silly lifecycle pty.js@0.3.0~preinstall: no script for preinstall, continuing
168 silly doReverseSerial remove 0
169 silly doSerial move 0
170 silly doSerial finalize 1
171 silly finalize /usr/home/ross/Projects/pean-skeleton/node_modules/pty.js
172 silly doSerial build 1
173 silly build pty.js@0.3.0
174 info linkStuff pty.js@0.3.0
175 silly linkStuff pty.js@0.3.0 has /usr/home/ross/Projects/pean-skeleton/node_modules as its parent node_modules
176 verbose linkBins pty.js@0.3.0
177 silly doSerial global-link 0
178 silly doParallel update-linked 0
179 silly doSerial install 1
180 silly install pty.js@0.3.0 /usr/home/ross/Projects/pean-skeleton/node_modules/.staging/pty.js-869e0e65
181 info lifecycle pty.js@0.3.0~install: pty.js@0.3.0
182 verbose lifecycle pty.js@0.3.0~install: unsafe-perm in lifecycle true
183 verbose lifecycle pty.js@0.3.0~install: PATH: /usr/local/lib/node_modules/npm/bin/node-gyp-bin:/usr/home/ross/Projects/pean-skeleton/node_modules/pty.js/node_modules/.bin:/usr/home/ross/Projects/pean-skeleton/node_modules/.bin:/usr/local/bin:/home/ross/bin:/sbin:/bin:/usr/sbin:/usr/bin:/usr/games:/usr/local/sbin:/usr/local/bin
184 verbose lifecycle pty.js@0.3.0~install: CWD: /usr/home/ross/Projects/pean-skeleton/node_modules/pty.js
185 silly lifecycle pty.js@0.3.0~install: Args: [ '-c', 'node-gyp rebuild' ]
186 silly lifecycle pty.js@0.3.0~install: Returned: code: 1  signal: null
187 info lifecycle pty.js@0.3.0~install: Failed to exec install script
188 verbose unlock done using /home/ross/.npm/_locks/staging-1638fa7e58af104f.lock for /usr/home/ross/Projects/pean-skeleton/node_modules/.staging
189 silly rollbackFailedOptional Starting
190 silly rollbackFailedOptional Finishing
191 silly runTopLevelLifecycles Starting
192 silly runTopLevelLifecycles Finishing
193 silly install printInstalled
194 verbose stack Error: pty.js@0.3.0 install: `node-gyp rebuild`
194 verbose stack Exit status 1
194 verbose stack     at EventEmitter.<anonymous> (/usr/local/lib/node_modules/npm/lib/utils/lifecycle.js:245:16)
194 verbose stack     at emitTwo (events.js:106:13)
194 verbose stack     at EventEmitter.emit (events.js:191:7)
194 verbose stack     at ChildProcess.<anonymous> (/usr/local/lib/node_modules/npm/lib/utils/spawn.js:24:14)
194 verbose stack     at emitTwo (events.js:106:13)
194 verbose stack     at ChildProcess.emit (events.js:191:7)
194 verbose stack     at maybeClose (internal/child_process.js:850:16)
194 verbose stack     at Process.ChildProcess._handle.onexit (internal/child_process.js:215:5)
195 verbose pkgid pty.js@0.3.0
196 verbose cwd /usr/home/ross/Projects/pean-skeleton
197 error FreeBSD 10.3-RELEASE-p2
198 error argv "/usr/local/bin/node" "/usr/local/bin/npm" "install" "pty.js" "--save"
199 error node v6.2.0
200 error npm  v3.9.2
201 error code ELIFECYCLE
202 error pty.js@0.3.0 install: `node-gyp rebuild`
202 error Exit status 1
203 error Failed at the pty.js@0.3.0 install script 'node-gyp rebuild'.
203 error Make sure you have the latest version of node.js and npm installed.
203 error If you do, this is most likely a problem with the pty.js package,
203 error not with npm itself.
203 error Tell the author that this fails on your system:
203 error     node-gyp rebuild
203 error You can get information on how to open an issue for this project with:
203 error     npm bugs pty.js
203 error Or if that isn't available, you can get their info via:
203 error     npm owner ls pty.js
203 error There is likely additional logging output above.
204 verbose exit [ 1, true ]
